This is pdfTeX, Version 3.141592653-2.6-1.40.24 (MiKTeX 21.12.10) (preloaded format=pdflatex 2022.1.22)  27 APR 2022 12:28
entering extended mode
 restricted \write18 enabled.
 file:line:error style messages enabled.
 %&-line parsing enabled.
**"c:/Users/marca/AppData/Local/PersonalData/Università/2° Anno/Basi di Dati/Basi-Dati/Relazione/main.tex"
(c:/Users/marca/AppData/Local/PersonalData/Università/2° Anno/Basi di Dati/Basi-Dati/Relazione/main.tex
LaTeX2e <2021-11-15> patch level 1
L3 programming layer <2021-11-22> (C:\Users\marca\AppData\Local\Programs\MiKTeX\tex/latex/base\article.cls
Document Class: article 2021/10/04 v1.4n Standard LaTeX document class
(C:\Users\marca\AppData\Local\Programs\MiKTeX\tex/latex/base\size10.clo
File: size10.clo 2021/10/04 v1.4n Standard LaTeX file (size option)
)
\c@part=\count183
\c@section=\count184
\c@subsection=\count185
\c@subsubsection=\count186
\c@paragraph=\count187
\c@subparagraph=\count188
\c@figure=\count189
\c@table=\count190
\abovecaptionskip=\skip47
\belowcaptionskip=\skip48
\bibindent=\dimen138
) (C:\Users\marca\AppData\Local\Programs\MiKTeX\tex/latex/l3backend\l3backend-pdftex.def
File: l3backend-pdftex.def 2021-12-14 L3 backend support: PDF output (pdfTeX)
\l__color_backend_stack_int=\count191
\l__pdf_internal_box=\box50
) (main.aux)
\openout1 = `main.aux'.

LaTeX Font Info:    Checking defaults for OML/cmm/m/it on input line 3.
LaTeX Font Info:    ... okay on input line 3.
LaTeX Font Info:    Checking defaults for OMS/cmsy/m/n on input line 3.
LaTeX Font Info:    ... okay on input line 3.
LaTeX Font Info:    Checking defaults for OT1/cmr/m/n on input line 3.
LaTeX Font Info:    ... okay on input line 3.
LaTeX Font Info:    Checking defaults for T1/cmr/m/n on input line 3.
LaTeX Font Info:    ... okay on input line 3.
LaTeX Font Info:    Checking defaults for TS1/cmr/m/n on input line 3.
LaTeX Font Info:    ... okay on input line 3.
LaTeX Font Info:    Checking defaults for OMX/cmex/m/n on input line 3.
LaTeX Font Info:    ... okay on input line 3.
LaTeX Font Info:    Checking defaults for U/cmr/m/n on input line 3.
LaTeX Font Info:    ... okay on input line 3.
 [1

{C:/Users/marca/AppData/Local/MiKTeX/fonts/map/pdftex/pdftex.map}] (main.aux) ) 
Here is how much of TeX's memory you used:
 404 strings out of 478659
 8113 string characters out of 2845920
 303044 words of memory out of 3000000
 18591 multiletter control sequences out of 15000+600000
 403430 words of font info for 27 fonts, out of 8000000 for 9000
 1141 hyphenation exceptions out of 8191
 34i,5n,38p,231b,107s stack positions out of 5000i,500n,10000p,200000b,80000s
<C:/Users/marca/AppData/Local/Programs/MiKTeX/fonts/type1/public/amsfonts/cm/cmr10.pfb>
Output written on main.pdf (1 page, 12332 bytes).
PDF statistics:
 11 PDF objects out of 1000 (max. 8388607)
 0 named destinations out of 1000 (max. 500000)
 1 words of extra memory for PDF output out of 10000 (max. 10000000)

